<?xml version="1.0" encoding="UTF-8"?>
<!-- Generated by org.testng.reporters.JUnitReportReporter -->
<testsuite skipped="0" hostname="Hp-Komputer" name="com.crm.qa.testcases.HomePageTest" tests="4" failures="0" timestamp="14 lis 2018 17:23:14 GMT" time="72.946" errors="0">
  <testcase name="verifyDealsLinkTest" time="20.023" classname="com.crm.qa.testcases.HomePageTest"/>
  <testcase name="verifyContactsLinkTest" time="18.730" classname="com.crm.qa.testcases.HomePageTest"/>
  <testcase name="verifyUserNameTest" time="17.475" classname="com.crm.qa.testcases.HomePageTest"/>
  <testcase name="homePageTitleTest" time="16.718" classname="com.crm.qa.testcases.HomePageTest"/>
</testsuite> <!-- com.crm.qa.testcases.HomePageTest -->
