<?xml version="1.0" encoding="UTF-8"?>
<!-- Generated by org.testng.reporters.JUnitReportReporter -->
<testsuite skipped="0" hostname="Hp-Komputer" name="com.crm.qa.testcases.HomePageTest" tests="3" failures="0" timestamp="08 lis 2018 13:33:50 GMT" time="53.465" errors="0">
  <testcase name="verifyContactsLinkTest" time="18.596" classname="com.crm.qa.testcases.HomePageTest"/>
  <testcase name="homePageTitleTest" time="17.887" classname="com.crm.qa.testcases.HomePageTest"/>
  <testcase name="verifyUserNameTest" time="16.982" classname="com.crm.qa.testcases.HomePageTest"/>
</testsuite> <!-- com.crm.qa.testcases.HomePageTest -->
