<?xml version="1.0" encoding="UTF-8"?>
<!-- Generated by org.testng.reporters.JUnitReportReporter -->
<testsuite skipped="0" hostname="Hp-Komputer" name="com.crm.qa.testcases.ContactsPageTest" tests="6" failures="0" timestamp="14 lis 2018 17:23:14 GMT" time="149.609" errors="0">
  <testcase name="selectMultipleContactsTest" time="21.983" classname="com.crm.qa.testcases.ContactsPageTest"/>
  <testcase name="selectSingleContactsTest" time="21.729" classname="com.crm.qa.testcases.ContactsPageTest"/>
  <testcase name="contactsLabelTest" time="18.097" classname="com.crm.qa.testcases.ContactsPageTest"/>
  <testcase name="validateCreateNewContactTest" time="28.526" classname="com.crm.qa.testcases.ContactsPageTest"/>
  <testcase name="validateCreateNewContactTest" time="30.287" classname="com.crm.qa.testcases.ContactsPageTest"/>
  <testcase name="validateCreateNewContactTest" time="28.987" classname="com.crm.qa.testcases.ContactsPageTest"/>
</testsuite> <!-- com.crm.qa.testcases.ContactsPageTest -->
