<?xml version="1.0" encoding="UTF-8"?>
<!-- Generated by org.testng.reporters.JUnitReportReporter -->
<testsuite skipped="0" hostname="Hp-Komputer" name="com.crm.qa.testcases.LoginPageTest" tests="4" failures="0" timestamp="14 lis 2018 17:23:14 GMT" time="45.369" errors="0">
  <testcase name="crmLogoTest" time="5.916" classname="com.crm.qa.testcases.LoginPageTest"/>
  <testcase name="loginTest" time="19.369" classname="com.crm.qa.testcases.LoginPageTest"/>
  <testcase name="signUpLnk" time="13.851" classname="com.crm.qa.testcases.LoginPageTest"/>
  <testcase name="loginPageTitleTest" time="6.233" classname="com.crm.qa.testcases.LoginPageTest"/>
</testsuite> <!-- com.crm.qa.testcases.LoginPageTest -->
