<?xml version="1.0" encoding="UTF-8"?>
<!-- Generated by org.testng.reporters.JUnitReportReporter -->
<testsuite skipped="0" hostname="Hp-Komputer" name="com.crm.qa.testcases.LoginPageTest" tests="4" failures="0" timestamp="08 lis 2018 13:33:50 GMT" time="48.470" errors="0">
  <testcase name="crmLogoTest" time="5.940" classname="com.crm.qa.testcases.LoginPageTest"/>
  <testcase name="loginTest" time="20.451" classname="com.crm.qa.testcases.LoginPageTest"/>
  <testcase name="signUpLnk" time="16.160" classname="com.crm.qa.testcases.LoginPageTest"/>
  <testcase name="loginPageTitleTest" time="5.919" classname="com.crm.qa.testcases.LoginPageTest"/>
</testsuite> <!-- com.crm.qa.testcases.LoginPageTest -->
