<?xml version="1.0" encoding="UTF-8"?>
<!-- Generated by org.testng.reporters.JUnitReportReporter -->
<testsuite skipped="0" hostname="Hp-Komputer" name="com.crm.qa.testcases.LoginPageTest" tests="4" failures="0" timestamp="13 lis 2018 11:08:26 GMT" time="46.104" errors="0">
  <testcase name="signUpLnk" time="16.680" classname="com.crm.qa.testcases.LoginPageTest"/>
  <testcase name="crmLogoTest" time="6.672" classname="com.crm.qa.testcases.LoginPageTest"/>
  <testcase name="loginPageTitleTest" time="6.123" classname="com.crm.qa.testcases.LoginPageTest"/>
  <testcase name="loginTest" time="16.629" classname="com.crm.qa.testcases.LoginPageTest"/>
</testsuite> <!-- com.crm.qa.testcases.LoginPageTest -->
